Auth user's TL
count=200
loops=1
max_id=0
since_id=0
wait=0
wait default=10 (forward)
20:51:03 get len: 197
Id: 1528342656560283651
Id: 1528342650113253377
Id: 1528342589853773824
Id: 1528342511894159360
Id: 1528342369040744448
Id: 1528342241252904960
Id: 1528342212001546240
Id: 1528342187536097280
Id: 1528342144724914177
Id: 1528342131408273409
Id: 1528342127020605443
Id: 1528342090446274560
Id: 1528342090287316992
Id: 1528342048851390466
Id: 1528342015531962368
Id: 1528341977187512320
Id: 1528341945365372928
Id: 1528341799156482048
Id: 1528341780801802240
Id: 1528341585427337216
Id: 1528341580855140352
Id: 1528341526056579074
Id: 1528341493299019777
Id: 1528341405826830336
Id: 1528341402513420288
Id: 1528341402433617920
Id: 1528341379411509248
Id: 1528341360340008961
Id: 1528341330744983552
Id: 1528341288679985152
Id: 1528341233482928128
Id: 1528341182484742149
Id: 1528341175085568000
Id: 1528341169272258560
Id: 1528341159273066496
Id: 1528341150855094272
Id: 1528341149286424576
Id: 1528341145298018304
Id: 1528341139077509121
Id: 1528341126494572545
Id: 1528341107494359042
Id: 1528341097490939904
Id: 1528341085289734145
Id: 1528340995221336064
Id: 1528340978016276481
Id: 1528340961725558784
Id: 1528340958261420032
Id: 1528340956847968256
Id: 1528340943161524224
Id: 1528340922525569025
Id: 1528340907925200898
Id: 1528340890510536705
Id: 1528340883074326528
Id: 1528340872340721665
Id: 1528340852677828608
Id: 1528340827957006337
Id: 1528340653473931264
Id: 1528340652962234368
Id: 1528340646184222720
Id: 1528340640823533569
Id: 1528340638051487745
Id: 1528340629016973312
Id: 1528340620942909440
Id: 1528340614940868608
Id: 1528340580014915584
Id: 1528340521135251456
Id: 1528340493272514560
Id: 1528340441661571072
Id: 1528340426419097601
Id: 1528340425139814400
Id: 1528340416017231874
Id: 1528340406248824833
Id: 1528340395276394496
Id: 1528340328591216640
Id: 1528340205719416832
Id: 1528340137889120256
Id: 1528340068641173505
Id: 1528340026773618690
Id: 1528340014613950464
Id: 1528339885173747712
Id: 1528339839162404867
Id: 1528339805939314690
Id: 1528339781939531776
Id: 1528339758530801665
Id: 1528339736267726848
Id: 1528339647935369216
Id: 1528339641442914304
Id: 1528339548144406528
Id: 1528339445178478592
Id: 1528339429089505280
Id: 1528339322625495040
Id: 1528339290207363072
Id: 1528339258653782016
Id: 1528339253960187905
Id: 1528339238281805825
Id: 1528339220368338945
Id: 1528339208968208384
Id: 1528339200986165248
Id: 1528339199669116929
Id: 1528339154173452288
Id: 1528339110381105153
Id: 1528338998887710720
Id: 1528338982689738752
Id: 1528338853706182656
Id: 1528338850321354752
Id: 1528338840812785666
Id: 1528338811607916544
Id: 1528338811498819584
Id: 1528338807648829440
Id: 1528338798714576896
Id: 1528338769434140672
Id: 1528338763713085441
Id: 1528338752044601344
Id: 1528338750891528193
Id: 1528338749448286208
Id: 1528338739982123012
Id: 1528338692141903872
Id: 1528338608561786886
Id: 1528338605886013441
Id: 1528338596973154304
Id: 1528338584457334786
Id: 1528338518594170881
Id: 1528338433160187907
Id: 1528338427434766336
Id: 1528338409718415362
Id: 1528338351660494848
Id: 1528338325248954368
Id: 1528338283109191681
Id: 1528338204839260160
Id: 1528338090573856769
Id: 1528338067395706880
Id: 1528338051076079616
Id: 1528338042008014848
Id: 1528338034374025216
Id: 1528338018851225601
Id: 1528338008868782080
Id: 1528337981517754368
Id: 1528337970415079424
Id: 1528337868426358784
Id: 1528337848486596609
Id: 1528337822276788224
Id: 1528337718912389120
Id: 1528337538166886400
Id: 1528337526296961024
Id: 1528337444319285254
Id: 1528337355345903616
Id: 1528337344394567680
Id: 1528337295677755393
Id: 1528337289549492226
Id: 1528337234411552769
Id: 1528337228446912512
Id: 1528337218330574848
Id: 1528337179549704192
Id: 1528337149132623872
Id: 1528337145324220417
Id: 1528337069655080961
Id: 1528337048872050689
Id: 1528337035119177728
Id: 1528336992207278080
Id: 1528336974750556160
Id: 1528336959864614912
Id: 1528336874594799616
Id: 1528336854562766850
Id: 1528336837642977281
Id: 1528336772802830337
Id: 1528336734492454912
Id: 1528336677407977472
Id: 1528336664761815041
Id: 1528336618595049473
Id: 1528336441763577857
Id: 1528336440467152896
Id: 1528336437355040770
Id: 1528336399694712834
Id: 1528336342756642816
Id: 1528336315426947072
Id: 1528336247604752384
Id: 1528336227799564288
Id: 1528336205326487553
Id: 1528336181079195649
Id: 1528336161382473733
Id: 1528336118218862597
Id: 1528336072174088192
Id: 1528336065266069504
Id: 1528336058366119936
Id: 1528336027173040129
Id: 1528336002233683968
Id: 1528335977743523840
Id: 1528335932536958978
Id: 1528335901935673347
Id: 1528335899159035905
Id: 1528335886907502592
Id: 1528335873636696065
Id: 1528335794343411712
Id: 1528335729960849408
Id: 1528335702949146626
Id: 1528335701279854593
Id: 1528335657646452742
--------
-since_id=1528342656560283651
-max_id=1528335657646452742
Auth user's TL
count=200
loops=1
max_id=1528335657646452742
since_id=0
wait=0
wait default=10 (forward)
20:51:09 get len: 197
Id: 1528335381296553984
Id: 1528335376238407680
Id: 1528335359817711616
Id: 1528335333309358080
Id: 1528335268691910657
Id: 1528335217223933953
Id: 1528335179579678720
Id: 1528335157693845505
Id: 1528335008586661888
Id: 1528334989246742529
Id: 1528334895751507970
Id: 1528334875639435265
Id: 1528334776616513537
Id: 1528334740746797056
Id: 1528334702893223936
Id: 1528334661142847489
Id: 1528334656080314368
Id: 1528334621653381121
Id: 1528334589554348032
Id: 1528334572194533378
Id: 1528334541236019200
Id: 1528334522429108224
Id: 1528334521120485376
Id: 1528334505580191744
Id: 1528334488237125634
Id: 1528334488064827393
Id: 1528334386818453504
Id: 1528334367407362048
Id: 1528334113903546369
Id: 1528334110489337857
Id: 1528334066239832064
Id: 1528334065061216259
Id: 1528334031540002816
Id: 1528333997545508866
Id: 1528333905564422144
Id: 1528333900598382592
Id: 1528333900014968838
Id: 1528333794737958912
Id: 1528333763716870144
Id: 1528333747942469632
Id: 1528333674999353344
Id: 1528333664727072768
Id: 1528333611979591680
Id: 1528333601057951744
Id: 1528333597882851329
Id: 1528333560373194753
Id: 1528333483780624384
Id: 1528333436125073408
Id: 1528333305162403840
Id: 1528333297520357376
Id: 1528333278440468482
Id: 1528333268340592640
Id: 1528333175961034758
Id: 1528333129580130304
Id: 1528332901074366464
Id: 1528332900906958849
Id: 1528332820413747204
Id: 1528332805276848128
Id: 1528332785902968832
Id: 1528332765699403776
Id: 1528332682056564736
Id: 1528332573348225024
Id: 1528332550292185088
Id: 1528332511746478080
Id: 1528332467085594626
Id: 1528332447322374150
Id: 1528332370583371776
Id: 1528332249732505601
Id: 1528332232024199168
Id: 1528332223409459200
Id: 1528332212155756544
Id: 1528332165661851650
Id: 1528332070002507779
Id: 1528332037031350272
Id: 1528331958790819840
Id: 1528331953455648769
Id: 1528331895708479488
Id: 1528331795561054208
Id: 1528331738815946752
Id: 1528331725063200768
Id: 1528331708407623687
Id: 1528331673317744641
Id: 1528331665071738880
Id: 1528331663209807872
Id: 1528331650224226306
Id: 1528331622713806849
Id: 1528331597468286976
Id: 1528331593701818370
Id: 1528331584524681217
Id: 1528331583346065408
Id: 1528331576626802694
Id: 1528331557282664448
Id: 1528331544284127232
Id: 1528331533953536000
Id: 1528331422791966720
Id: 1528331420485431296
Id: 1528331383168696320
Id: 1528331290168401920
Id: 1528331282177855489
Id: 1528331224942424076
Id: 1528331172648189953
Id: 1528331170953318400
Id: 1528331166369329152
Id: 1528331155984228352
Id: 1528331101517021185
Id: 1528331060488339458
Id: 1528330923430641664
Id: 1528330890912313345
Id: 1528330889746612224
Id: 1528330840496779264
Id: 1528330810604257288
Id: 1528330808830083072
Id: 1528330769424609280
Id: 1528330659017928705
Id: 1528330614742880256
Id: 1528330588184137728
Id: 1528330548120555520
Id: 1528330510468259840
Id: 1528330504575291392
Id: 1528330479153229825
Id: 1528330373763313670
Id: 1528330325998575619
Id: 1528330316909187073
Id: 1528330311842811904
Id: 1528330310546763777
Id: 1528330278036733954
Id: 1528330275482402816
Id: 1528330222168600576
Id: 1528330183832670209
Id: 1528330173309124610
Id: 1528330090420965378
Id: 1528330006006743040
Id: 1528329943305768960
Id: 1528329885361803265
Id: 1528329879116075008
Id: 1528329874586615808
Id: 1528329821109231616
Id: 1528329811243827200
Id: 1528329798279262209
Id: 1528329788326223872
Id: 1528329772433960960
Id: 1528329736971116545
Id: 1528329736279060480
Id: 1528329735620550657
Id: 1528329668054552578
Id: 1528329650627551234
Id: 1528329633585717248
Id: 1528329610731343873
Id: 1528329603453841408
Id: 1528329593916358656
Id: 1528329592196702208
Id: 1528329500785664000
Id: 1528329494066364418
Id: 1528329487242633217
Id: 1528329459841269760
Id: 1528329339527258112
Id: 1528329320942698497
Id: 1528329315997192193
Id: 1528329282795122691
Id: 1528329279385501696
Id: 1528329246917046272
Id: 1528329246384324608
Id: 1528329098518724608
Id: 1528329096840609793
Id: 1528329062770683906
Id: 1528329050103881730
Id: 1528329005421961218
Id: 1528328992486739968
Id: 1528328856343416834
Id: 1528328839406858240
Id: 1528328825863798785
Id: 1528328809820622850
Id: 1528328796020932609
Id: 1528328772721659909
Id: 1528328704404819969
Id: 1528328687850254336
Id: 1528328654648127488
Id: 1528328639783510016
Id: 1528328488574279681
Id: 1528328394483843077
Id: 1528328385520275456
Id: 1528328360488603648
Id: 1528328340385304576
Id: 1528328319556780033
Id: 1528328289923674112
Id: 1528328245384400897
Id: 1528328223607898112
Id: 1528328202560544768
Id: 1528328200774103041
Id: 1528328139428208640
Id: 1528328065105141761
Id: 1528328049556860928
Id: 1528328002353782784
Id: 1528327993546121216
Id: 1528327977125421057
Id: 1528327928324718592
Id: 1528327876205891584
--------
-since_id=1528335381296553984
-max_id=1528327876205891584
Auth user's TL
count=200
loops=1
max_id=1528327876205891584
since_id=0
wait=0
wait default=10 (forward)
20:51:15 get len: 198
Id: 1528327840487579650
Id: 1528327828734742528
Id: 1528327789664927744
Id: 1528327724976070657
Id: 1528327710363160576
Id: 1528327697503748096
Id: 1528327652720799744
Id: 1528327647201140736
Id: 1528327627773460480
Id: 1528327570974208001
Id: 1528327558395473922
Id: 1528327468469600256
Id: 1528327450580877314
Id: 1528327390409043969
Id: 1528327338676457473
Id: 1528327291058524160
Id: 1528327265100017664
Id: 1528327221165051905
Id: 1528327184091185152
Id: 1528327169868713986
Id: 1528327134028374017
Id: 1528327129100091393
Id: 1528327104433369090
Id: 1528327056173723648
Id: 1528327046933651456
Id: 1528327003434196992
Id: 1528326997000454151
Id: 1528326944869478400
Id: 1528326942004768768
Id: 1528326836761284608
Id: 1528326836065030144
Id: 1528326772810346497
Id: 1528326752560619520
Id: 1528326703906684928
Id: 1528326614874193920
Id: 1528326573400596480
Id: 1528326522339491840
Id: 1528326464025767936
Id: 1528326435433480193
Id: 1528326419407081472
Id: 1528326392093773825
Id: 1528326325819191296
Id: 1528326255489470464
Id: 1528326229182455808
Id: 1528326204574793728
Id: 1528326171444015105
Id: 1528326013108686849
Id: 1528325994175528967
Id: 1528325951246958597
Id: 1528325926953832448
Id: 1528325759278153728
Id: 1528325746250612736
Id: 1528325745285959680
Id: 1528325712624513024
Id: 1528325706580512768
Id: 1528325696845934592
Id: 1528325674552897536
Id: 1528325635495849984
Id: 1528325560056918016
Id: 1528325558379364352
Id: 1528325547755212801
Id: 1528325523742797824
Id: 1528325497368633344
Id: 1528325484047908864
Id: 1528325443153436673
Id: 1528325419292053504
Id: 1528325359296720898
Id: 1528325209496793089
Id: 1528325207269597185
Id: 1528325150873034754
Id: 1528324973794045952
Id: 1528324950955765760
Id: 1528324934610845696
Id: 1528324898351116288
Id: 1528324851894984705
Id: 1528324824912699392
Id: 1528324796081065986
Id: 1528324779119620098
Id: 1528324758370037761
Id: 1528324591676174337
Id: 1528324496246964226
Id: 1528324493894352896
Id: 1528324480350961665
Id: 1528324442853502976
Id: 1528324427753979904
Id: 1528324391901462528
Id: 1528324390907424769
Id: 1528324364944707584
Id: 1528324280815341569
Id: 1528324239299735552
Id: 1528324170769084419
Id: 1528324133494194176
Id: 1528324048899702787
Id: 1528324006490714112
Id: 1528323996814835712
Id: 1528323880388988928
Id: 1528323840811511808
Id: 1528323729247588353
Id: 1528323671961370624
Id: 1528323629284737024
Id: 1528323588700352513
Id: 1528323431032205314
Id: 1528323416352522240
Id: 1528323405090635777
Id: 1528323276488904709
Id: 1528323239134367744
Id: 1528323227310624768
Id: 1528323212278255616
Id: 1528323079041978368
Id: 1528323018711216129
Id: 1528323016580427777
Id: 1528322797642338304
Id: 1528322748543795200
Id: 1528322684136099841
Id: 1528322683472994305
Id: 1528322658168803329
Id: 1528322623574200322
Id: 1528322541282291714
Id: 1528322524974817280
Id: 1528322513121464320
Id: 1528322466719838213
Id: 1528322390014701570
Id: 1528322377901232128
Id: 1528322352982786048
Id: 1528322343818625026
Id: 1528322329037578240
Id: 1528322305050349569
Id: 1528322294883360769
Id: 1528322201229099008
Id: 1528322185848160256
Id: 1528322159386697728
Id: 1528322069729247234
Id: 1528322009473892352
Id: 1528321943652683777
Id: 1528321940619833345
Id: 1528321937700954113
Id: 1528321906558255105
Id: 1528321903597088768
Id: 1528321896085098496
Id: 1528321872001368065
Id: 1528321826266685441
Id: 1528321677620543488
Id: 1528321630631448576
Id: 1528321612344242176
Id: 1528321603091955712
Id: 1528321568505331712
Id: 1528321558946918401
Id: 1528321538248044545
Id: 1528321425727422464
Id: 1528321326389526528
Id: 1528321314700034048
Id: 1528321199981608961
Id: 1528321193790816258
Id: 1528321158265065473
Id: 1528321101360615424
Id: 1528321092523540482
Id: 1528321052023361536
Id: 1528321049154441217
Id: 1528320969445888000
Id: 1528320962827284481
Id: 1528320961803456513
Id: 1528320894421983233
Id: 1528320861325135873
Id: 1528320747193913344
Id: 1528320687227961344
Id: 1528320572337582080
Id: 1528320561453355015
Id: 1528320455131955200
Id: 1528320445782470657
Id: 1528320445669593090
Id: 1528320436790259713
Id: 1528320320725471233
Id: 1528320201116512256
Id: 1528320127854604289
Id: 1528320035319451649
Id: 1528319889852620801
Id: 1528319874032095232
Id: 1528319781224321024
Id: 1528319777877663745
Id: 1528319768041865218
Id: 1528319747921944576
Id: 1528319700211728384
Id: 1528319686659608576
Id: 1528319679546425346
Id: 1528319633417465856
Id: 1528319521739526144
Id: 1528319455595761664
Id: 1528319386939174912
Id: 1528319356622745600
Id: 1528319267980075009
Id: 1528319250133569536
Id: 1528319248447070208
Id: 1528319093425721345
Id: 1528319080541077505
Id: 1528318973804449792
Id: 1528318886965555202
Id: 1528318869583958017
Id: 1528318789603192835
--------
-since_id=1528327840487579650
-max_id=1528318789603192835
Auth user's TL
count=200
loops=1
max_id=1528318789603192835
since_id=0
wait=0
wait default=10 (forward)
20:51:21 get len: 195
Id: 1528318765208838145
Id: 1528318550867210245
Id: 1528318501529821184
Id: 1528318458215153664
Id: 1528318414020046851
Id: 1528318384860823553
Id: 1528318384710234112
Id: 1528318367525769217
Id: 1528318340661673984
Id: 1528318305693728768
Id: 1528318257396011008
Id: 1528318149178761221
Id: 1528318127158616064
Id: 1528318113002901505
Id: 1528318104937242629
Id: 1528318100415733760
Id: 1528318089107910659
Id: 1528318083513094146
Id: 1528318075124477952
Id: 1528318063006822400
Id: 1528318059496079360
Id: 1528318026092687361
Id: 1528317990470463488
Id: 1528317964151574529
Id: 1528317963333300225
Id: 1528317960204734468
Id: 1528317944458932224
Id: 1528317933486690304
Id: 1528317919234768896
Id: 1528317875340996608
Id: 1528317855200325632
Id: 1528317813466599424
Id: 1528317780700766210
Id: 1528317777970614273
Id: 1528317758609297408
Id: 1528317746488156161
Id: 1528317727462813696
Id: 1528317673494695936
Id: 1528317664544067584
Id: 1528317640862707712
Id: 1528317579886215168
Id: 1528317544146161664
Id: 1528317542464634882
Id: 1528317532293439488
Id: 1528317498138865664
Id: 1528317481357832192
Id: 1528317475305029632
Id: 1528317452479713280
Id: 1528317444158197760
Id: 1528317430199529472
Id: 1528317428714811392
Id: 1528317425338679296
Id: 1528317413900812288
Id: 1528317410637656064
Id: 1528317405029896192
Id: 1528317392589565952
Id: 1528317391024709633
Id: 1528317367562149888
Id: 1528317227183009792
Id: 1528317160371929088
Id: 1528317143900516352
Id: 1528317129572790273
Id: 1528317097977073665
Id: 1528317088724844544
Id: 1528317081825193984
Id: 1528317079505408001
Id: 1528317060232916994
Id: 1528317039932506115
Id: 1528317019564961792
Id: 1528317000769908736
Id: 1528316989500190723
Id: 1528316972945252353
Id: 1528316962333687808
Id: 1528316953097408512
Id: 1528316940640747521
Id: 1528316911771172870
Id: 1528316875796795392
Id: 1528316858478501888
Id: 1528316850060546048
Id: 1528316846050791424
Id: 1528316819903115265
Id: 1528316806305566722
Id: 1528316784772001793
Id: 1528316776458911744
Id: 1528316706334339072
Id: 1528316684141965316
Id: 1528316657189683201
Id: 1528316635375087617
Id: 1528316620812460033
Id: 1528316608011444224
Id: 1528316607092891658
Id: 1528316587962298368
Id: 1528316581612498944
Id: 1528316569964933121
Id: 1528316559441027072
Id: 1528316548103798784
Id: 1528316462435553281
Id: 1528316415530258432
Id: 1528316293601894400
Id: 1528316284647026689
Id: 1528316274081554432
Id: 1528316188060958720
Id: 1528316183916597248
Id: 1528316179236143105
Id: 1528316174160711681
Id: 1528316144511492097
Id: 1528316133467897856
Id: 1528316101289197568
Id: 1528316089444466689
Id: 1528316088509173762
Id: 1528316057106415617
Id: 1528315998386147329
Id: 1528315959689486336
Id: 1528315958204387328
Id: 1528315938147561473
Id: 1528315920359489539
Id: 1528315622702317570
Id: 1528315573959917568
Id: 1528315563662974976
Id: 1528315555375001600
Id: 1528315553685065728
Id: 1528315483342393344
Id: 1528315344619962369
Id: 1528315332859146240
Id: 1528315318166163457
Id: 1528315138192777216
Id: 1528314977970315265
Id: 1528314948450783232
Id: 1528314927748104192
Id: 1528314923666665472
Id: 1528314833648508928
Id: 1528314814363488257
Id: 1528314792590446594
Id: 1528314774731526146
Id: 1528314751927074816
Id: 1528314706347577344
Id: 1528314567797112833
Id: 1528314543432433665
Id: 1528314522163122176
Id: 1528314451350667270
Id: 1528314401899843584
Id: 1528314385999200256
Id: 1528314345075396609
Id: 1528314315606044673
Id: 1528314274942111744
Id: 1528314252641320960
Id: 1528314221791830018
Id: 1528314207963578368
Id: 1528314203349495809
Id: 1528314177210552323
Id: 1528314134429073408
Id: 1528314094914134016
Id: 1528314062706454528
Id: 1528314025326411776
Id: 1528314001377341441
Id: 1528313957806575616
Id: 1528313935643873285
Id: 1528313911870517249
Id: 1528313875200110592
Id: 1528313818576609280
Id: 1528313806429925377
Id: 1528313795461795840
Id: 1528313774146727936
Id: 1528313769591332865
Id: 1528313750897340416
Id: 1528313725223960576
Id: 1528313678524973056
Id: 1528313600279863296
Id: 1528313286898630656
Id: 1528313250760527872
Id: 1528313226861383681
Id: 1528313181982330880
Id: 1528313132468563968
Id: 1528313116421140481
Id: 1528313112201289730
Id: 1528313072791977985
Id: 1528313055549222914
Id: 1528313017121009665
Id: 1528312982102757378
Id: 1528312970530680833
Id: 1528312919179825153
Id: 1528312911672020993
Id: 1528312887982583808
Id: 1528312859960426497
Id: 1528312849742802944
Id: 1528312794092777473
Id: 1528312749469896704
Id: 1528312692658040833
Id: 1528312671732281344
Id: 1528312648395132928
Id: 1528312647006859269
Id: 1528312645626957824
Id: 1528312644272156672
Id: 1528312642841874432
Id: 1528312574248292352
--------
-since_id=1528318765208838145
-max_id=1528312574248292352
Auth user's TL
count=200
loops=1
max_id=1528312574248292352
since_id=0
wait=0
wait default=10 (forward)
20:51:27 get len: 3
Id: 1528312425644118016
Id: 1528312408195796993
Id: 1528312404840697856
--------
-since_id=1528312425644118016
-max_id=1528312404840697856
Auth user's TL
count=200
loops=1
max_id=1528312404840697856
since_id=0
wait=0
wait default=10 (forward)
20:51:32 get len: 0
--------
-since_id=0
-max_id=0
