Auth user's TL
count=0
loops=5
max_id=0
since_id=0
wait=180
since=0. get one tweet
21:09:31 get len: 1
Id: 1528347308928077826
21:09:31 Sleep: 5.21:09:36 get len: 3
Id: 1528347322454708224
Id: 1528347339726807040
21:09:36 Sleep: 180....................................21:12:36 get len: 18
Id: 1528347408127918080
Id: 1528347489597677569
Id: 1528347495801458689
Id: 1528347515703152641
Id: 1528347526918574080
Id: 1528347633873752065
Id: 1528347638814633985
Id: 1528347651355586561
Id: 1528347698117881857
Id: 1528347856960376832
Id: 1528347869660360704
Id: 1528347874001825794
Id: 1528347908571283462
Id: 1528347945644351488
Id: 1528347954456604672
Id: 1528347990536032256
Id: 1528348010068987905
21:12:36 Sleep: 180....................................21:15:36 get len: 9
Id: 1528348131725017088
Id: 1528348150439632896
Id: 1528348274524323840
Id: 1528348287379845120
Id: 1528348631925166081
Id: 1528348654313934848
Id: 1528348748857737217
Id: 1528348787617701889
21:15:36 Sleep: 180....................................21:18:37 get len: 21
Id: 1528348852889481218
Id: 1528348894589222912
Id: 1528348926935347205
Id: 1528348956261945344
Id: 1528348957625438208
Id: 1528349068220518403
Id: 1528349140513484800
Id: 1528349185275179014
Id: 1528349197795135489
Id: 1528349208150847489
Id: 1528349210504220674
Id: 1528349319681933313
Id: 1528349389580038152
Id: 1528349438041030657
Id: 1528349451638648832
Id: 1528349467400871938
Id: 1528349477597110272
Id: 1528349493304864768
Id: 1528349568961613824
Id: 1528349587546591232
21:18:37 Sleep: 180.................................oversleep 21:40:16
--------
-since_id=1528349587546591232
-max_id=1528347308928077826
Auth user's TL
count=0
loops=5
max_id=0
since_id=1528349587546591232
wait=180
since=1528349587546591232. start from this record.
21:40:22 get len: 123
Id: 1528349809656348673
Id: 1528349871065145344
Id: 1528349924429283329
Id: 1528349930217123840
Id: 1528349974970650625
Id: 1528350036920348672
Id: 1528350069757341696
Id: 1528350076594442241
Id: 1528350122270404608
Id: 1528350131287752704
Id: 1528350162628014083
Id: 1528350167711240194
Id: 1528350202331287552
Id: 1528350241766133761
Id: 1528350312532443136
Id: 1528350377057603587
Id: 1528350431868379137
Id: 1528350500705357826
Id: 1528350508271841284
Id: 1528350514424868864
Id: 1528350568359464961
Id: 1528350599296983040
Id: 1528350805220532224
Id: 1528350877094133761
Id: 1528350903530815489
Id: 1528350919829880832
Id: 1528350929208373248
Id: 1528350931519426561
Id: 1528350966919368704
Id: 1528350972157698049
Id: 1528351000993464320
Id: 1528351162675519488
Id: 1528351167406698497
Id: 1528351188131155968
Id: 1528351202391781376
Id: 1528351218115825665
Id: 1528351224793182209
Id: 1528351239372939264
Id: 1528351265272770561
Id: 1528351323837861890
Id: 1528351360571539456
Id: 1528351420826521601
Id: 1528351544273674241
Id: 1528351580516675584
Id: 1528351633322565637
Id: 1528351808719949834
Id: 1528351869189627908
Id: 1528351879767289856
Id: 1528351905449410560
Id: 1528351913930260480
Id: 1528351928031162369
Id: 1528351959874686982
Id: 1528352120713486337
Id: 1528352153458589699
Id: 1528352247976845313
Id: 1528352269766635520
Id: 1528352390637727745
Id: 1528352399265386496
Id: 1528352411395317765
Id: 1528352439967301632
Id: 1528352445910642688
Id: 1528352489816223744
Id: 1528352491355897856
Id: 1528352508229234688
Id: 1528352512746610689
Id: 1528352523320696833
Id: 1528352523392028672
Id: 1528352531994271744
Id: 1528352589544181761
Id: 1528352625905004544
Id: 1528352647580745730
Id: 1528352649439252480
Id: 1528352682624155648
Id: 1528352691436417026
Id: 1528352774236569605
Id: 1528352787729620992
Id: 1528352952519643138
Id: 1528352978926809090
Id: 1528353004746772480
Id: 1528353017359396867
Id: 1528353069401985024
Id: 1528353079355404289
Id: 1528353108228575233
Id: 1528353194849730562
Id: 1528353201585811458
Id: 1528353270275534849
Id: 1528353332523565057
Id: 1528353417424293888
Id: 1528353428065308672
Id: 1528353480284737536
Id: 1528353587012976641
Id: 1528353795700248577
Id: 1528353824754126848
Id: 1528353867590619137
Id: 1528353868463362050
Id: 1528354010448949248
Id: 1528354057202839553
Id: 1528354073463750656
Id: 1528354079667535875
Id: 1528354151851118592
Id: 1528354176635310080
Id: 1528354233266737152
Id: 1528354247963975685
Id: 1528354281572958208
Id: 1528354300195655680
Id: 1528354335054495749
Id: 1528354386396598274
Id: 1528354525694013440
Id: 1528354558006956033
Id: 1528354641213153280
Id: 1528354653347270656
Id: 1528354676009074688
Id: 1528354751540514816
Id: 1528354758209130496
Id: 1528354808373346304
Id: 1528354808524337152
Id: 1528354810457882624
Id: 1528354853398773760
Id: 1528354853688586240
Id: 1528354910063845377
Id: 1528354998949916674
Id: 1528355019291889664
21:40:22 Sleep: 180.....